Build started 02.05.2014 20:40:52.
     1>Project "C:\Users\soltero\Downloads\Midterm-master\Midterm-master\dzhumaliev_murat_project_1\VMASM\VMASM.vcxproj" on node 3 (build target(s)).
     1>PrepareForBuild:
         Creating directory "C:\Users\soltero\Downloads\Midterm-master\Midterm-master\dzhumaliev_murat_project_1\Debug\".
       InitializeBuildStatus:
         Creating "Debug\VMASM.unsuccessfulbuild" because "AlwaysCreate" was specified.
       ClCompile:
         C:\Program Files (x86)\Microsoft Visual Studio 10.0\VC\bin\CL.exe /c /ZI /nologo /W3 /WX- /Od /Oy- /D WIN32 /D _DEBUG /D _CONSOLE /D _UNICODE /D UNICODE /Gm /EHsc /RTC1 /MDd /GS /fp:precise /Zc:wchar_t /Zc:forScope /Fo"Debug\\" /Fd"Debug\vc100.pdb" /Gd /TP /analyze- /errorReport:prompt vmasm.cpp
         vmasm.cpp
       Link:
         C:\Program Files (x86)\Microsoft Visual Studio 10.0\VC\bin\link.exe /ERRORREPORT:PROMPT /OUT:"C:\Users\soltero\Downloads\Midterm-master\Midterm-master\dzhumaliev_murat_project_1\Debug\VMASM.exe" /NOLOGO kernel32.lib user32.lib gdi32.lib winspool.lib comdlg32.lib advapi32.lib shell32.lib ole32.lib oleaut32.lib uuid.lib odbc32.lib odbccp32.lib /MANIFEST /ManifestFile:"Debug\VMASM.exe.intermediate.manifest" /MANIFESTUAC:"level='asInvoker' uiAccess='false'" /DEBUG /PDB:"C:\Users\soltero\Downloads\Midterm-master\Midterm-master\dzhumaliev_murat_project_1\Debug\VMASM.pdb" /SUBSYSTEM:CONSOLE /TLBID:1 /DYNAMICBASE /NXCOMPAT /IMPLIB:"C:\Users\soltero\Downloads\Midterm-master\Midterm-master\dzhumaliev_murat_project_1\Debug\VMASM.lib" /MACHINE:X86 Debug\vmasm.obj
         VMASM.vcxproj -> C:\Users\soltero\Downloads\Midterm-master\Midterm-master\dzhumaliev_murat_project_1\Debug\VMASM.exe
       Manifest:
         C:\Program Files (x86)\Microsoft SDKs\Windows\v7.0A\bin\mt.exe /nologo /verbose /outputresource:"C:\Users\soltero\Downloads\Midterm-master\Midterm-master\dzhumaliev_murat_project_1\Debug\VMASM.exe;#1" /manifest Debug\VMASM.exe.intermediate.manifest
       FinalizeBuildStatus:
         Deleting file "Debug\VMASM.unsuccessfulbuild".
         Touching "Debug\VMASM.lastbuildstate".
     1>Done Building Project "C:\Users\soltero\Downloads\Midterm-master\Midterm-master\dzhumaliev_murat_project_1\VMASM\VMASM.vcxproj" (build target(s)).

Build succeeded.

Time Elapsed 00:00:04.61
